###############################################################################
#
# IAR C/C++ Compiler V7.12.3.989/W32 for MSP430           24/Apr/2020  12:34:17
# Copyright 1996-2019 IAR Systems AB.
# PC-locked license - IAR Embedded Workbench for MSP430, 8K KickStart Edition 7.12
#
#    __rt_version  =  3
#    __double_size =  32
#    __reg_r4      =  free
#    __reg_r5      =  free
#    __pic         =  no
#    __core        =  430X
#    __data_model  =  small
#    __code_model  =  large
#    Source file   =  
#        C:\Users\laure\OneDrive\Documents\ECE_306_Code\Project 10 Code
#        Submission\led.c
#    Command line  =  
#        -f C:\Users\laure\AppData\Local\Temp\EWED3A.tmp
#        ("C:\Users\laure\OneDrive\Documents\ECE_306_Code\Project 10 Code
#        Submission\led.c" -lC
#        "C:\Users\laure\OneDrive\Documents\ECE_306_Code\Project 10 Code
#        Submission\Debug\List" -o
#        "C:\Users\laure\OneDrive\Documents\ECE_306_Code\Project 10 Code
#        Submission\Debug\Obj" --no_cse --no_unroll --no_inline
#        --no_code_motion --no_tbaa --debug -D__MSP430FR2355__ -e --double=32
#        --dlib_config "C:\Program Files (x86)\IAR Systems\Embedded Workbench
#        8.0\430\lib\dlib\dl430xlsfn.h" -I ./\ --core=430X --data_model=small
#        -On --multiplier=32 --hw_workaround=CPU40 --code_model=large)
#    Locale        =  English_USA.1252
#    List file     =  
#        C:\Users\laure\OneDrive\Documents\ECE_306_Code\Project 10 Code
#        Submission\Debug\List\led.lst
#    Object file   =  
#        C:\Users\laure\OneDrive\Documents\ECE_306_Code\Project 10 Code
#        Submission\Debug\Obj\led.r43
#
###############################################################################

C:\Users\laure\OneDrive\Documents\ECE_306_Code\Project 10 Code Submission\led.c
      1          //------------------------------------------------------------------------------
      2          // 1/27/2020
      3          // Lauren Crawford
      4          //  Built with IAR Embedded Workbench Version: V4.10A/W32 (5.40.1)
      5          //------------------------------------------------------------------------------
      6          
      7          #include "macros.h"
      8          #include  "msp430.h"

   \                                 In  segment DATA16_AN, at 0x202
   \   union <unnamed> _A_PAOUT_L
   \                     _A_PAOUT_L:
   \   000000                DS8 2

   \                                 In  segment DATA16_AN, at 0x242
   \   union <unnamed> _A_PCOUT_L
   \                     _A_PCOUT_L:
   \   000000                DS8 2
      9          #include "functions.h"
     10          

   \                                 In  segment CODE, align 2
     11          void Init_LEDs(void){
   \                     Init_LEDs:
     12          //------------------------------------------------------------------------------
     13          // LED Configurations
     14          //------------------------------------------------------------------------------
     15          // Turns on both LEDs
     16            P1OUT &= ~RED_LED;
   \   000000   D2C30202     BIC.B   #0x1, &0x202
     17            P6OUT &= ~GRN_LED;
   \   000004   F2C040004302 BIC.B   #0x40, &0x243
     18          //------------------------------------------------------------------------------
     19          }
   \   00000A   1001         RETA
   \   00000C                REQUIRE _A_PAOUT_L
   \   00000C                REQUIRE _A_PCOUT_L

   Maximum stack usage in bytes:

   CSTACK Function
   ------ --------
      4   Init_LEDs


   Segment part sizes:

   Bytes  Function/Label
   -----  --------------
      12  Init_LEDs
       2  _A_PAOUT_L
       2  _A_PCOUT_L

 
 12 bytes in segment CODE
  4 bytes in segment DATA16_AN
 
 12 bytes of CODE memory
  0 bytes of DATA memory (+ 4 bytes shared)

Errors: none
Warnings: none
