###############################################################################
#
# IAR C/C++ Compiler V7.12.3.989/W32 for MSP430           21/Apr/2020  12:53:03
# Copyright 1996-2019 IAR Systems AB.
# PC-locked license - IAR Embedded Workbench for MSP430, 8K KickStart Edition 7.12
#
#    __rt_version  =  3
#    __double_size =  32
#    __reg_r4      =  free
#    __reg_r5      =  free
#    __pic         =  no
#    __core        =  430X
#    __data_model  =  small
#    __code_model  =  large
#    Source file   =  
#        C:\Users\laure\OneDrive\Documents\ECE_306_Code\Project 10\shapes.c
#    Command line  =  
#        -f C:\Users\laure\AppData\Local\Temp\EWD94E.tmp
#        ("C:\Users\laure\OneDrive\Documents\ECE_306_Code\Project 10\shapes.c"
#        -lC "C:\Users\laure\OneDrive\Documents\ECE_306_Code\Project
#        10\Debug\List" -o
#        "C:\Users\laure\OneDrive\Documents\ECE_306_Code\Project 10\Debug\Obj"
#        --no_cse --no_unroll --no_inline --no_code_motion --no_tbaa --debug
#        -D__MSP430FR2355__ -e --double=32 --dlib_config "C:\Program Files
#        (x86)\IAR Systems\Embedded Workbench 8.0\430\lib\dlib\dl430xlsfn.h" -I
#        ./\ --core=430X --data_model=small -On --multiplier=32
#        --hw_workaround=CPU40 --code_model=large)
#    Locale        =  English_USA.1252
#    List file     =  
#        C:\Users\laure\OneDrive\Documents\ECE_306_Code\Project
#        10\Debug\List\shapes.lst
#    Object file   =  
#        C:\Users\laure\OneDrive\Documents\ECE_306_Code\Project
#        10\Debug\Obj\shapes.r43
#
###############################################################################



 

 


Errors: none
Warnings: none
